


ARM Macro Assembler    Page 1 


    1 00000000         ; LCD.s
    2 00000000         ; Student names: change this to your names or look very 
                       silly
    3 00000000         ; Last modification date: change this to the last modifi
                       cation date or look very silly
    4 00000000         
    5 00000000         ; Runs on TM4C123
    6 00000000         ; Use SSI0 to send an 8-bit code to the ST7735 160x128 p
                       ixel LCD.
    7 00000000         
    8 00000000         ; As part of Lab 7, students need to implement these wri
                       tecommand and writedata
    9 00000000         ; This driver assumes two low-level LCD functions
   10 00000000         
   11 00000000         ; Backlight (pin 10) connected to +3.3 V
   12 00000000         ; MISO (pin 9) unconnected
   13 00000000         ; SCK (pin 8) connected to PA2 (SSI0Clk)
   14 00000000         ; MOSI (pin 7) connected to PA5 (SSI0Tx)
   15 00000000         ; TFT_CS (pin 6) connected to PA3 (SSI0Fss)
   16 00000000         ; CARD_CS (pin 5) unconnected
   17 00000000         ; Data/Command (pin 4) connected to PA6 (GPIO)
   18 00000000         ; RESET (pin 3) connected to PA7 (GPIO)
   19 00000000         ; VCC (pin 2) connected to +3.3 V
   20 00000000         ; Gnd (pin 1) connected to ground
   21 00000000         
   22 00000000 400043FC 
                       GPIO_PORTA_DATA_R
                               EQU              0x400043FC
   23 00000000 40008008 
                       SSI0_DR_R
                               EQU              0x40008008
   24 00000000 4000800C 
                       SSI0_SR_R
                               EQU              0x4000800C
   25 00000000         
   26 00000000                 EXPORT           writecommand
   27 00000000                 EXPORT           writedata
   28 00000000         
   29 00000000                 AREA             |.text|, CODE, READONLY, ALIGN=
2
   30 00000000                 THUMB
   31 00000000                 ALIGN
   32 00000000         
   33 00000000         ; The Data/Command pin must be valid when the eighth bit
                        is
   34 00000000         ; sent.  The SSI module has hardware input and output FI
                       FOs
   35 00000000         ; that are 8 locations deep.  Based on the observation t
                       hat
   36 00000000         ; the LCD interface tends to send a few commands and the
                       n a
   37 00000000         ; lot of data, the FIFOs are not used when writing
   38 00000000         ; commands, and they are used when writing data.  This
   39 00000000         ; ensures that the Data/Command pin status matches the b
                       yte
   40 00000000         ; that is actually being transmitted.
   41 00000000         ; The write command operation waits until all data has b
                       een
   42 00000000         ; sent, configures the Data/Command pin for commands, se



ARM Macro Assembler    Page 2 


                       nds
   43 00000000         ; the command, and then waits for the transmission to
   44 00000000         ; finish.
   45 00000000         ; The write data operation waits until there is room in 
                       the
   46 00000000         ; transmit FIFO, configures the Data/Command pin for dat
                       a,
   47 00000000         ; and then adds the data to the transmit FIFO.
   48 00000000         ; NOTE: These functions will crash or stall indefinitely
                        if
   49 00000000         ; the SSI0 module is not initialized and enabled.
   50 00000000         
   51 00000000         ; This is a helper function that sends an 8-bit command 
                       to the LCD.
   52 00000000         ; Input: R0  8-bit command to transmit
   53 00000000         ; Output: none
   54 00000000         ; Assumes: SSI0 and port A have already been initialized
                        and enabled
   55 00000000         writecommand
   56 00000000         ;; --UUU-- Code to write a command to the LCD
   57 00000000         ;1) Read SSI0_SR_R and check bit 4, 
   58 00000000         ;2) If bit 4 is high, loop back to step 1 (wait for BUSY
                        bit to be low)
   59 00000000         ;3) Clear D/C=PA6 to zero
   60 00000000         ;4) Write the command to SSI0_DR_R
   61 00000000         ;5) Read SSI0_SR_R and check bit 4, 
   62 00000000         ;6) If bit 4 is high, loop back to step 5 (wait for BUSY
                        bit to be low)
   63 00000000 4913            LDR              R1, =SSI0_SR_R
   64 00000002 680A    nusy    LDR              R2, [R1]
   65 00000004 EA4F 1212       LSR              R2, R2, #4
   66 00000008 F002 0201       AND              R2, R2, #0x01
   67 0000000C 2A00            CMP              R2, #0
   68 0000000E D1F8            BNE              nusy
   69 00000010         
   70 00000010 4910            LDR              R1, =GPIO_PORTA_DATA_R
   71 00000012 680A            LDR              R2, [R1]
   72 00000014 F022 0240       BIC              R2, #0x40
   73 00000018 600A            STR              R2, [R1]
   74 0000001A         
   75 0000001A 490F            LDR              R1, =SSI0_DR_R
   76 0000001C 7008            STRB             R0, [R1]
   77 0000001E         
   78 0000001E 490C            LDR              R1, =SSI0_SR_R
   79 00000020 680A    pusy    LDR              R2, [R1]
   80 00000022 EA4F 1212       LSR              R2, R2, #4
   81 00000026 F002 0201       AND              R2, R2, #0x01
   82 0000002A 2A00            CMP              R2, #0
   83 0000002C D1F8            BNE              pusy
   84 0000002E         
   85 0000002E 4770            BX               LR          ;   return
   86 00000030         
   87 00000030         ; This is a helper function that sends an 8-bit data to 
                       the LCD.
   88 00000030         ; Input: R0  8-bit data to transmit
   89 00000030         ; Output: none
   90 00000030         ; Assumes: SSI0 and port A have already been initialized
                        and enabled
   91 00000030         writedata



ARM Macro Assembler    Page 3 


   92 00000030         ;; --UUU-- Code to write data to the LCD
   93 00000030         ;1) Read SSI0_SR_R and check bit 1, 
   94 00000030         ;2) If bit 1 is low loop back to step 1 (wait for TNF bi
                       t to be high)
   95 00000030         ;3) Set D/C=PA6 to one
   96 00000030         ;4) Write the 8-bit data to SSI0_DR_R
   97 00000030 4907            LDR              R1, =SSI0_SR_R
   98 00000032 680A    susy    LDR              R2, [R1]
   99 00000034 EA4F 0252       LSR              R2, R2, #1
  100 00000038 F002 0201       AND              R2, R2, #0x01
  101 0000003C 2A00            CMP              R2, #0
  102 0000003E D0F8            BEQ              susy
  103 00000040         
  104 00000040 4904            LDR              R1, =GPIO_PORTA_DATA_R
  105 00000042 680A            LDR              R2, [R1]
  106 00000044 F042 0240       ORR              R2, R2, #0x40
  107 00000048 600A            STR              R2, [R1]
  108 0000004A         
  109 0000004A 4903            LDR              R1, =SSI0_DR_R
  110 0000004C 6008            STR              R0, [R1]
  111 0000004E         
  112 0000004E         
  113 0000004E 4770            BX               LR          ;   return
  114 00000050         
  115 00000050         
  116 00000050         ;***************************************************
  117 00000050         ; This is a library for the Adafruit 1.8" SPI display.
  118 00000050         ; This library works with the Adafruit 1.8" TFT Breakout
                        w/SD card
  119 00000050         ; ----> http://www.adafruit.com/products/358
  120 00000050         ; as well as Adafruit raw 1.8" TFT display
  121 00000050         ; ----> http://www.adafruit.com/products/618
  122 00000050         ;
  123 00000050         ; Check out the links above for our tutorials and wiring
                        diagrams
  124 00000050         ; These displays use SPI to communicate, 4 or 5 pins are
                        required to
  125 00000050         ; interface (RST is optional)
  126 00000050         ; Adafruit invests time and resources providing this ope
                       n source code,
  127 00000050         ; please support Adafruit and open-source hardware by pu
                       rchasing
  128 00000050         ; products from Adafruit!
  129 00000050         ;
  130 00000050         ; Written by Limor Fried/Ladyada for Adafruit Industries
                       .
  131 00000050         ; MIT license, all text above must be included in any re
                       distribution
  132 00000050         ;****************************************************
  133 00000050         
  134 00000050                 ALIGN                        ; make sure the end
                                                             of this section is
                                                             aligned
  135 00000050                 END                          ; end of file
              4000800C 
              400043FC 
              40008008 
Command Line: --debug --xref --diag_suppress=9931 --cpu=Cortex-M4 --apcs=interw
ork --depend=.\lcd.d -o.\lcd.o -I.\RTE\_SpaceInvaders -IC:\Users\franc\AppData\



ARM Macro Assembler    Page 4 


Local\Arm\Packs\ARM\CMSIS\5.8.0\CMSIS\Core\Include -IC:\Users\franc\AppData\Loc
al\Arm\Packs\Keil\TM4C_DFP\1.1.0\Device\Include\TM4C123 --predefine="__EVAL SET
A 1" --predefine="__UVISION_VERSION SETA 536" --predefine="_RTE_ SETA 1" --pred
efine="TM4C123GH6PM SETA 1" --predefine="_RTE_ SETA 1" --list=.\lcd.lst LCD.s



ARM Macro Assembler    Page 1 Alphabetic symbol ordering
Relocatable symbols

.text 00000000

Symbol: .text
   Definitions
      At line 29 in file LCD.s
   Uses
      None
Comment: .text unused
nusy 00000002

Symbol: nusy
   Definitions
      At line 64 in file LCD.s
   Uses
      At line 68 in file LCD.s
Comment: nusy used once
pusy 00000020

Symbol: pusy
   Definitions
      At line 79 in file LCD.s
   Uses
      At line 83 in file LCD.s
Comment: pusy used once
susy 00000032

Symbol: susy
   Definitions
      At line 98 in file LCD.s
   Uses
      At line 102 in file LCD.s
Comment: susy used once
writecommand 00000000

Symbol: writecommand
   Definitions
      At line 55 in file LCD.s
   Uses
      At line 26 in file LCD.s
Comment: writecommand used once
writedata 00000030

Symbol: writedata
   Definitions
      At line 91 in file LCD.s
   Uses
      At line 27 in file LCD.s
Comment: writedata used once
6 symbols



ARM Macro Assembler    Page 1 Alphabetic symbol ordering
Absolute symbols

GPIO_PORTA_DATA_R 400043FC

Symbol: GPIO_PORTA_DATA_R
   Definitions
      At line 22 in file LCD.s
   Uses
      At line 70 in file LCD.s
      At line 104 in file LCD.s

SSI0_DR_R 40008008

Symbol: SSI0_DR_R
   Definitions
      At line 23 in file LCD.s
   Uses
      At line 75 in file LCD.s
      At line 109 in file LCD.s

SSI0_SR_R 4000800C

Symbol: SSI0_SR_R
   Definitions
      At line 24 in file LCD.s
   Uses
      At line 63 in file LCD.s
      At line 78 in file LCD.s
      At line 97 in file LCD.s

3 symbols
345 symbols in table
