


ARM Macro Assembler    Page 1 


    1 00000000         ; Print.s
    2 00000000         ; Student names: change this to your names or look very 
                       silly
    3 00000000         ; Last modification date: change this to the last modifi
                       cation date or look very silly
    4 00000000         ; Runs on LM4F120 or TM4C123
    5 00000000         ; EE319K lab 7 device driver for any LCD
    6 00000000         ;
    7 00000000         ; As part of Lab 7, students need to implement these LCD
                       _OutDec and LCD_OutFix
    8 00000000         ; This driver assumes two low-level LCD functions
    9 00000000         ; ST7735_OutChar   outputs a single 8-bit ASCII characte
                       r
   10 00000000         ; ST7735_OutString outputs a null-terminated string 
   11 00000000         
   12 00000000                 IMPORT           ST7735_OutChar
   13 00000000                 IMPORT           ST7735_OutString
   14 00000000                 EXPORT           LCD_OutDec
   15 00000000                 PRESERVE8
   16 00000000         
   17 00000000 00000000 
                       val     EQU              0
   18 00000000         
   19 00000000                 AREA             |.text|, CODE, READONLY, ALIGN=
2
   20 00000000                 THUMB
   21 00000000         
   22 00000000         
   23 00000000         
   24 00000000         
   25 00000000         ;-----------------------LCD_OutDec----------------------
                       -
   26 00000000         ; Output a 32-bit number in unsigned decimal format
   27 00000000         ; Input: R0 (call by value) 32-bit unsigned number
   28 00000000         ; Output: none
   29 00000000         ; Invariables: This function must not permanently modify
                        registers R4 to R11
   30 00000000         LCD_OutDec
   31 00000000 B53F            PUSH             {R0-R5, LR}
   32 00000002 B082            SUB              SP, #8
   33 00000004 280A            CMP              R0, #10
   34 00000006 D317            BLO              more
   35 00000008 F04F 030A       MOV              R3, #10
   36 0000000C FBB0 F2F3       UDIV             R2, R0, R3
   37 00000010 FB02 F403       MUL              R4, R2, R3
   38 00000014 F104 050A       ADD              R5, R4, #0x0A
   39 00000018 EBA0 0104       SUB              R1, R0, R4
   40 0000001C 4410            ADD              R0, R0, R2
   41 0000001E F005 0501       AND              R5, R5, #1
   42 00000022 2D01            CMP              R5, #1
   43 00000024 9100            STR              R1, [SP, #val]
   44 00000026 F7FF FFFE       BL               LCD_OutDec
   45 0000002A 9800            LDR              R0, [SP, #val]
   46 0000002C F100 0030       ADD              R0, #0x30
   47 00000030 F7FF FFFE       BL               ST7735_OutChar
   48 00000034 F000 F804       BL               done
   49 00000038         more
   50 00000038 F100 0030       ADD              R0, #0x30
   51 0000003C F7FF FFFE       BL               ST7735_OutChar



ARM Macro Assembler    Page 2 


   52 00000040         done
   53 00000040         
   54 00000040 B002            ADD              SP, #8
   55 00000042 BD3F            POP              {R0-R5, PC}
   56 00000044         
   57 00000044         
   58 00000044         
   59 00000044                 ALIGN                        ; make sure the end
                                                             of this section is
                                                             aligned
   60 00000044                 END                          ; end of file
Command Line: --debug --xref --diag_suppress=9931 --cpu=Cortex-M4 --apcs=interw
ork --depend=.\print.d -o.\print.o -I.\RTE\_SpaceInvaders -IC:\Users\franc\AppD
ata\Local\Arm\Packs\ARM\CMSIS\5.8.0\CMSIS\Core\Include -IC:\Users\franc\AppData
\Local\Arm\Packs\Keil\TM4C_DFP\1.1.0\Device\Include\TM4C123 --predefine="__EVAL
 SETA 1" --predefine="__UVISION_VERSION SETA 536" --predefine="_RTE_ SETA 1" --
predefine="TM4C123GH6PM SETA 1" --predefine="_RTE_ SETA 1" --list=.\print.lst P
rint.s



ARM Macro Assembler    Page 1 Alphabetic symbol ordering
Relocatable symbols

.text 00000000

Symbol: .text
   Definitions
      At line 19 in file Print.s
   Uses
      None
Comment: .text unused
LCD_OutDec 00000000

Symbol: LCD_OutDec
   Definitions
      At line 30 in file Print.s
   Uses
      At line 14 in file Print.s
      At line 44 in file Print.s

done 00000040

Symbol: done
   Definitions
      At line 52 in file Print.s
   Uses
      At line 48 in file Print.s
Comment: done used once
more 00000038

Symbol: more
   Definitions
      At line 49 in file Print.s
   Uses
      At line 34 in file Print.s
Comment: more used once
4 symbols



ARM Macro Assembler    Page 1 Alphabetic symbol ordering
Absolute symbols

val 00000000

Symbol: val
   Definitions
      At line 17 in file Print.s
   Uses
      At line 43 in file Print.s
      At line 45 in file Print.s

1 symbol



ARM Macro Assembler    Page 1 Alphabetic symbol ordering
External symbols

ST7735_OutChar 00000000

Symbol: ST7735_OutChar
   Definitions
      At line 12 in file Print.s
   Uses
      At line 47 in file Print.s
      At line 51 in file Print.s

ST7735_OutString 00000000

Symbol: ST7735_OutString
   Definitions
      At line 13 in file Print.s
   Uses
      None
Comment: ST7735_OutString unused
2 symbols
341 symbols in table
